2025-04-04 11:42:21.305 [main] INFO  TC002_LoginTest.verify_login(16) - **started**
2025-04-04 11:42:23.978 [main] INFO  TC002_LoginTest.verify_login(38) - **finished**
2025-04-04 18:13:24.650 [main] DEBUG PackageRelationshipCollection.parseRelationshipsPart(309) - Parsing relationship: /xl/_rels/workbook.xml.rels
2025-04-04 18:13:24.676 [main] DEBUG PackageRelationshipCollection.parseRelationshipsPart(309) - Parsing relationship: /xl/worksheets/_rels/sheet1.xml.rels
2025-04-04 18:13:24.682 [main] DEBUG PackageRelationshipCollection.parseRelationshipsPart(309) - Parsing relationship: /_rels/.rels
2025-04-04 18:13:25.899 [main] DEBUG PackageRelationshipCollection.parseRelationshipsPart(309) - Parsing relationship: /xl/_rels/workbook.xml.rels
2025-04-04 18:13:25.908 [main] DEBUG PackageRelationshipCollection.parseRelationshipsPart(309) - Parsing relationship: /xl/worksheets/_rels/sheet1.xml.rels
2025-04-04 18:13:25.912 [main] DEBUG PackageRelationshipCollection.parseRelationshipsPart(309) - Parsing relationship: /_rels/.rels
2025-04-04 18:13:26.005 [main] DEBUG PackageRelationshipCollection.parseRelationshipsPart(309) - Parsing relationship: /xl/_rels/workbook.xml.rels
2025-04-04 18:13:26.010 [main] DEBUG PackageRelationshipCollection.parseRelationshipsPart(309) - Parsing relationship: /xl/worksheets/_rels/sheet1.xml.rels
2025-04-04 18:13:26.014 [main] DEBUG PackageRelationshipCollection.parseRelationshipsPart(309) - Parsing relationship: /_rels/.rels
2025-04-04 18:13:26.107 [main] DEBUG PackageRelationshipCollection.parseRelationshipsPart(309) - Parsing relationship: /xl/_rels/workbook.xml.rels
2025-04-04 18:13:26.112 [main] DEBUG PackageRelationshipCollection.parseRelationshipsPart(309) - Parsing relationship: /xl/worksheets/_rels/sheet1.xml.rels
2025-04-04 18:13:26.115 [main] DEBUG PackageRelationshipCollection.parseRelationshipsPart(309) - Parsing relationship: /_rels/.rels
2025-04-04 18:13:26.175 [main] DEBUG PackageRelationshipCollection.parseRelationshipsPart(309) - Parsing relationship: /xl/_rels/workbook.xml.rels
2025-04-04 18:13:26.178 [main] DEBUG PackageRelationshipCollection.parseRelationshipsPart(309) - Parsing relationship: /xl/worksheets/_rels/sheet1.xml.rels
2025-04-04 18:13:26.180 [main] DEBUG PackageRelationshipCollection.parseRelationshipsPart(309) - Parsing relationship: /_rels/.rels
2025-04-04 18:13:26.231 [main] DEBUG PackageRelationshipCollection.parseRelationshipsPart(309) - Parsing relationship: /xl/_rels/workbook.xml.rels
2025-04-04 18:13:26.234 [main] DEBUG PackageRelationshipCollection.parseRelationshipsPart(309) - Parsing relationship: /xl/worksheets/_rels/sheet1.xml.rels
2025-04-04 18:13:26.237 [main] DEBUG PackageRelationshipCollection.parseRelationshipsPart(309) - Parsing relationship: /_rels/.rels
2025-04-04 18:16:42.444 [main] INFO  TC002_LoginTest.verify_login(16) - **started**
2025-04-04 18:16:45.303 [main] INFO  TC002_LoginTest.verify_login(38) - **finished**
2025-04-04 18:22:08.703 [main] DEBUG PackageRelationshipCollection.parseRelationshipsPart(309) - Parsing relationship: /xl/_rels/workbook.xml.rels
2025-04-04 18:22:08.717 [main] DEBUG PackageRelationshipCollection.parseRelationshipsPart(309) - Parsing relationship: /xl/worksheets/_rels/sheet1.xml.rels
2025-04-04 18:22:08.719 [main] DEBUG PackageRelationshipCollection.parseRelationshipsPart(309) - Parsing relationship: /_rels/.rels
2025-04-04 18:22:09.479 [main] DEBUG PackageRelationshipCollection.parseRelationshipsPart(309) - Parsing relationship: /xl/_rels/workbook.xml.rels
2025-04-04 18:22:09.481 [main] DEBUG PackageRelationshipCollection.parseRelationshipsPart(309) - Parsing relationship: /xl/worksheets/_rels/sheet1.xml.rels
2025-04-04 18:22:09.483 [main] DEBUG PackageRelationshipCollection.parseRelationshipsPart(309) - Parsing relationship: /_rels/.rels
2025-04-04 18:22:09.544 [main] DEBUG PackageRelationshipCollection.parseRelationshipsPart(309) - Parsing relationship: /xl/_rels/workbook.xml.rels
2025-04-04 18:22:09.547 [main] DEBUG PackageRelationshipCollection.parseRelationshipsPart(309) - Parsing relationship: /xl/worksheets/_rels/sheet1.xml.rels
2025-04-04 18:22:09.549 [main] DEBUG PackageRelationshipCollection.parseRelationshipsPart(309) - Parsing relationship: /_rels/.rels
2025-04-04 18:22:09.626 [main] DEBUG PackageRelationshipCollection.parseRelationshipsPart(309) - Parsing relationship: /xl/_rels/workbook.xml.rels
2025-04-04 18:22:09.630 [main] DEBUG PackageRelationshipCollection.parseRelationshipsPart(309) - Parsing relationship: /xl/worksheets/_rels/sheet1.xml.rels
2025-04-04 18:22:09.632 [main] DEBUG PackageRelationshipCollection.parseRelationshipsPart(309) - Parsing relationship: /_rels/.rels
2025-04-04 18:22:09.700 [main] DEBUG PackageRelationshipCollection.parseRelationshipsPart(309) - Parsing relationship: /xl/_rels/workbook.xml.rels
2025-04-04 18:22:09.704 [main] DEBUG PackageRelationshipCollection.parseRelationshipsPart(309) - Parsing relationship: /xl/worksheets/_rels/sheet1.xml.rels
2025-04-04 18:22:09.708 [main] DEBUG PackageRelationshipCollection.parseRelationshipsPart(309) - Parsing relationship: /_rels/.rels
2025-04-04 18:22:09.774 [main] DEBUG PackageRelationshipCollection.parseRelationshipsPart(309) - Parsing relationship: /xl/_rels/workbook.xml.rels
2025-04-04 18:22:09.777 [main] DEBUG PackageRelationshipCollection.parseRelationshipsPart(309) - Parsing relationship: /xl/worksheets/_rels/sheet1.xml.rels
2025-04-04 18:22:09.781 [main] DEBUG PackageRelationshipCollection.parseRelationshipsPart(309) - Parsing relationship: /_rels/.rels
2025-04-04 18:25:05.697 [main] DEBUG PackageRelationshipCollection.parseRelationshipsPart(309) - Parsing relationship: /xl/_rels/workbook.xml.rels
2025-04-04 18:25:05.715 [main] DEBUG PackageRelationshipCollection.parseRelationshipsPart(309) - Parsing relationship: /xl/worksheets/_rels/sheet1.xml.rels
2025-04-04 18:25:05.717 [main] DEBUG PackageRelationshipCollection.parseRelationshipsPart(309) - Parsing relationship: /_rels/.rels
2025-04-04 18:25:06.337 [main] DEBUG PackageRelationshipCollection.parseRelationshipsPart(309) - Parsing relationship: /xl/_rels/workbook.xml.rels
2025-04-04 18:25:06.340 [main] DEBUG PackageRelationshipCollection.parseRelationshipsPart(309) - Parsing relationship: /xl/worksheets/_rels/sheet1.xml.rels
2025-04-04 18:25:06.341 [main] DEBUG PackageRelationshipCollection.parseRelationshipsPart(309) - Parsing relationship: /_rels/.rels
2025-04-04 18:25:06.379 [main] DEBUG PackageRelationshipCollection.parseRelationshipsPart(309) - Parsing relationship: /xl/_rels/workbook.xml.rels
2025-04-04 18:25:06.380 [main] DEBUG PackageRelationshipCollection.parseRelationshipsPart(309) - Parsing relationship: /xl/worksheets/_rels/sheet1.xml.rels
2025-04-04 18:25:06.382 [main] DEBUG PackageRelationshipCollection.parseRelationshipsPart(309) - Parsing relationship: /_rels/.rels
2025-04-04 18:25:06.444 [main] DEBUG PackageRelationshipCollection.parseRelationshipsPart(309) - Parsing relationship: /xl/_rels/workbook.xml.rels
2025-04-04 18:25:06.446 [main] DEBUG PackageRelationshipCollection.parseRelationshipsPart(309) - Parsing relationship: /xl/worksheets/_rels/sheet1.xml.rels
2025-04-04 18:25:06.448 [main] DEBUG PackageRelationshipCollection.parseRelationshipsPart(309) - Parsing relationship: /_rels/.rels
2025-04-04 18:25:06.490 [main] DEBUG PackageRelationshipCollection.parseRelationshipsPart(309) - Parsing relationship: /xl/_rels/workbook.xml.rels
2025-04-04 18:25:06.492 [main] DEBUG PackageRelationshipCollection.parseRelationshipsPart(309) - Parsing relationship: /xl/worksheets/_rels/sheet1.xml.rels
2025-04-04 18:25:06.494 [main] DEBUG PackageRelationshipCollection.parseRelationshipsPart(309) - Parsing relationship: /_rels/.rels
2025-04-04 18:25:06.534 [main] DEBUG PackageRelationshipCollection.parseRelationshipsPart(309) - Parsing relationship: /xl/_rels/workbook.xml.rels
2025-04-04 18:25:06.536 [main] DEBUG PackageRelationshipCollection.parseRelationshipsPart(309) - Parsing relationship: /xl/worksheets/_rels/sheet1.xml.rels
2025-04-04 18:25:06.538 [main] DEBUG PackageRelationshipCollection.parseRelationshipsPart(309) - Parsing relationship: /_rels/.rels
2025-04-04 18:27:50.473 [main] DEBUG PackageRelationshipCollection.parseRelationshipsPart(309) - Parsing relationship: /xl/_rels/workbook.xml.rels
2025-04-04 18:27:50.493 [main] DEBUG PackageRelationshipCollection.parseRelationshipsPart(309) - Parsing relationship: /xl/worksheets/_rels/sheet1.xml.rels
2025-04-04 18:27:50.496 [main] DEBUG PackageRelationshipCollection.parseRelationshipsPart(309) - Parsing relationship: /_rels/.rels
2025-04-04 18:27:51.363 [main] DEBUG PackageRelationshipCollection.parseRelationshipsPart(309) - Parsing relationship: /xl/_rels/workbook.xml.rels
2025-04-04 18:27:51.367 [main] DEBUG PackageRelationshipCollection.parseRelationshipsPart(309) - Parsing relationship: /xl/worksheets/_rels/sheet1.xml.rels
2025-04-04 18:27:51.370 [main] DEBUG PackageRelationshipCollection.parseRelationshipsPart(309) - Parsing relationship: /_rels/.rels
2025-04-04 18:27:51.446 [main] DEBUG PackageRelationshipCollection.parseRelationshipsPart(309) - Parsing relationship: /xl/_rels/workbook.xml.rels
2025-04-04 18:27:51.449 [main] DEBUG PackageRelationshipCollection.parseRelationshipsPart(309) - Parsing relationship: /xl/worksheets/_rels/sheet1.xml.rels
2025-04-04 18:27:51.452 [main] DEBUG PackageRelationshipCollection.parseRelationshipsPart(309) - Parsing relationship: /_rels/.rels
2025-04-04 18:27:51.525 [main] DEBUG PackageRelationshipCollection.parseRelationshipsPart(309) - Parsing relationship: /xl/_rels/workbook.xml.rels
2025-04-04 18:27:51.527 [main] DEBUG PackageRelationshipCollection.parseRelationshipsPart(309) - Parsing relationship: /xl/worksheets/_rels/sheet1.xml.rels
2025-04-04 18:27:51.530 [main] DEBUG PackageRelationshipCollection.parseRelationshipsPart(309) - Parsing relationship: /_rels/.rels
2025-04-04 18:27:51.584 [main] DEBUG PackageRelationshipCollection.parseRelationshipsPart(309) - Parsing relationship: /xl/_rels/workbook.xml.rels
2025-04-04 18:27:51.589 [main] DEBUG PackageRelationshipCollection.parseRelationshipsPart(309) - Parsing relationship: /xl/worksheets/_rels/sheet1.xml.rels
2025-04-04 18:27:51.592 [main] DEBUG PackageRelationshipCollection.parseRelationshipsPart(309) - Parsing relationship: /_rels/.rels
2025-04-04 18:27:51.639 [main] DEBUG PackageRelationshipCollection.parseRelationshipsPart(309) - Parsing relationship: /xl/_rels/workbook.xml.rels
2025-04-04 18:27:51.642 [main] DEBUG PackageRelationshipCollection.parseRelationshipsPart(309) - Parsing relationship: /xl/worksheets/_rels/sheet1.xml.rels
2025-04-04 18:27:51.644 [main] DEBUG PackageRelationshipCollection.parseRelationshipsPart(309) - Parsing relationship: /_rels/.rels
2025-04-04 18:29:44.516 [main] DEBUG PackageRelationshipCollection.parseRelationshipsPart(309) - Parsing relationship: /xl/_rels/workbook.xml.rels
2025-04-04 18:29:44.537 [main] DEBUG PackageRelationshipCollection.parseRelationshipsPart(309) - Parsing relationship: /xl/worksheets/_rels/sheet1.xml.rels
2025-04-04 18:29:44.539 [main] DEBUG PackageRelationshipCollection.parseRelationshipsPart(309) - Parsing relationship: /_rels/.rels
2025-04-04 18:29:45.690 [main] DEBUG PackageRelationshipCollection.parseRelationshipsPart(309) - Parsing relationship: /xl/_rels/workbook.xml.rels
2025-04-04 18:29:45.695 [main] DEBUG PackageRelationshipCollection.parseRelationshipsPart(309) - Parsing relationship: /xl/worksheets/_rels/sheet1.xml.rels
2025-04-04 18:29:45.697 [main] DEBUG PackageRelationshipCollection.parseRelationshipsPart(309) - Parsing relationship: /_rels/.rels
2025-04-04 18:29:45.752 [main] DEBUG PackageRelationshipCollection.parseRelationshipsPart(309) - Parsing relationship: /xl/_rels/workbook.xml.rels
2025-04-04 18:29:45.758 [main] DEBUG PackageRelationshipCollection.parseRelationshipsPart(309) - Parsing relationship: /xl/worksheets/_rels/sheet1.xml.rels
2025-04-04 18:29:45.758 [main] DEBUG PackageRelationshipCollection.parseRelationshipsPart(309) - Parsing relationship: /_rels/.rels
2025-04-04 18:29:45.842 [main] DEBUG PackageRelationshipCollection.parseRelationshipsPart(309) - Parsing relationship: /xl/_rels/workbook.xml.rels
2025-04-04 18:29:45.842 [main] DEBUG PackageRelationshipCollection.parseRelationshipsPart(309) - Parsing relationship: /xl/worksheets/_rels/sheet1.xml.rels
2025-04-04 18:29:45.842 [main] DEBUG PackageRelationshipCollection.parseRelationshipsPart(309) - Parsing relationship: /_rels/.rels
2025-04-04 18:29:45.904 [main] DEBUG PackageRelationshipCollection.parseRelationshipsPart(309) - Parsing relationship: /xl/_rels/workbook.xml.rels
2025-04-04 18:29:45.910 [main] DEBUG PackageRelationshipCollection.parseRelationshipsPart(309) - Parsing relationship: /xl/worksheets/_rels/sheet1.xml.rels
2025-04-04 18:29:45.912 [main] DEBUG PackageRelationshipCollection.parseRelationshipsPart(309) - Parsing relationship: /_rels/.rels
2025-04-04 18:29:45.963 [main] DEBUG PackageRelationshipCollection.parseRelationshipsPart(309) - Parsing relationship: /xl/_rels/workbook.xml.rels
2025-04-04 18:29:45.965 [main] DEBUG PackageRelationshipCollection.parseRelationshipsPart(309) - Parsing relationship: /xl/worksheets/_rels/sheet1.xml.rels
2025-04-04 18:29:45.967 [main] DEBUG PackageRelationshipCollection.parseRelationshipsPart(309) - Parsing relationship: /_rels/.rels
2025-04-04 18:30:36.272 [main] DEBUG PackageRelationshipCollection.parseRelationshipsPart(309) - Parsing relationship: /xl/_rels/workbook.xml.rels
2025-04-04 18:30:36.301 [main] DEBUG PackageRelationshipCollection.parseRelationshipsPart(309) - Parsing relationship: /xl/worksheets/_rels/sheet1.xml.rels
2025-04-04 18:30:36.306 [main] DEBUG PackageRelationshipCollection.parseRelationshipsPart(309) - Parsing relationship: /_rels/.rels
2025-04-04 18:30:37.294 [main] DEBUG PackageRelationshipCollection.parseRelationshipsPart(309) - Parsing relationship: /xl/_rels/workbook.xml.rels
2025-04-04 18:30:37.298 [main] DEBUG PackageRelationshipCollection.parseRelationshipsPart(309) - Parsing relationship: /xl/worksheets/_rels/sheet1.xml.rels
2025-04-04 18:30:37.300 [main] DEBUG PackageRelationshipCollection.parseRelationshipsPart(309) - Parsing relationship: /_rels/.rels
2025-04-04 18:30:37.362 [main] DEBUG PackageRelationshipCollection.parseRelationshipsPart(309) - Parsing relationship: /xl/_rels/workbook.xml.rels
2025-04-04 18:30:37.366 [main] DEBUG PackageRelationshipCollection.parseRelationshipsPart(309) - Parsing relationship: /xl/worksheets/_rels/sheet1.xml.rels
2025-04-04 18:30:37.370 [main] DEBUG PackageRelationshipCollection.parseRelationshipsPart(309) - Parsing relationship: /_rels/.rels
2025-04-04 18:30:37.460 [main] DEBUG PackageRelationshipCollection.parseRelationshipsPart(309) - Parsing relationship: /xl/_rels/workbook.xml.rels
2025-04-04 18:30:37.471 [main] DEBUG PackageRelationshipCollection.parseRelationshipsPart(309) - Parsing relationship: /xl/worksheets/_rels/sheet1.xml.rels
2025-04-04 18:30:37.477 [main] DEBUG PackageRelationshipCollection.parseRelationshipsPart(309) - Parsing relationship: /_rels/.rels
2025-04-04 18:30:37.548 [main] DEBUG PackageRelationshipCollection.parseRelationshipsPart(309) - Parsing relationship: /xl/_rels/workbook.xml.rels
2025-04-04 18:30:37.553 [main] DEBUG PackageRelationshipCollection.parseRelationshipsPart(309) - Parsing relationship: /xl/worksheets/_rels/sheet1.xml.rels
2025-04-04 18:30:37.557 [main] DEBUG PackageRelationshipCollection.parseRelationshipsPart(309) - Parsing relationship: /_rels/.rels
2025-04-04 18:30:37.640 [main] DEBUG PackageRelationshipCollection.parseRelationshipsPart(309) - Parsing relationship: /xl/_rels/workbook.xml.rels
2025-04-04 18:30:37.644 [main] DEBUG PackageRelationshipCollection.parseRelationshipsPart(309) - Parsing relationship: /xl/worksheets/_rels/sheet1.xml.rels
2025-04-04 18:30:37.644 [main] DEBUG PackageRelationshipCollection.parseRelationshipsPart(309) - Parsing relationship: /_rels/.rels
2025-04-04 18:33:15.379 [main] DEBUG PackageRelationshipCollection.parseRelationshipsPart(309) - Parsing relationship: /xl/_rels/workbook.xml.rels
2025-04-04 18:33:15.399 [main] DEBUG PackageRelationshipCollection.parseRelationshipsPart(309) - Parsing relationship: /xl/worksheets/_rels/sheet1.xml.rels
2025-04-04 18:33:15.402 [main] DEBUG PackageRelationshipCollection.parseRelationshipsPart(309) - Parsing relationship: /_rels/.rels
2025-04-04 18:33:16.413 [main] DEBUG PackageRelationshipCollection.parseRelationshipsPart(309) - Parsing relationship: /xl/_rels/workbook.xml.rels
2025-04-04 18:33:16.416 [main] DEBUG PackageRelationshipCollection.parseRelationshipsPart(309) - Parsing relationship: /xl/worksheets/_rels/sheet1.xml.rels
2025-04-04 18:33:16.418 [main] DEBUG PackageRelationshipCollection.parseRelationshipsPart(309) - Parsing relationship: /_rels/.rels
2025-04-04 18:33:16.479 [main] DEBUG PackageRelationshipCollection.parseRelationshipsPart(309) - Parsing relationship: /xl/_rels/workbook.xml.rels
2025-04-04 18:33:16.479 [main] DEBUG PackageRelationshipCollection.parseRelationshipsPart(309) - Parsing relationship: /xl/worksheets/_rels/sheet1.xml.rels
2025-04-04 18:33:16.479 [main] DEBUG PackageRelationshipCollection.parseRelationshipsPart(309) - Parsing relationship: /_rels/.rels
2025-04-04 18:33:16.590 [main] DEBUG PackageRelationshipCollection.parseRelationshipsPart(309) - Parsing relationship: /xl/_rels/workbook.xml.rels
2025-04-04 18:33:16.594 [main] DEBUG PackageRelationshipCollection.parseRelationshipsPart(309) - Parsing relationship: /xl/worksheets/_rels/sheet1.xml.rels
2025-04-04 18:33:16.596 [main] DEBUG PackageRelationshipCollection.parseRelationshipsPart(309) - Parsing relationship: /_rels/.rels
2025-04-04 18:33:16.682 [main] DEBUG PackageRelationshipCollection.parseRelationshipsPart(309) - Parsing relationship: /xl/_rels/workbook.xml.rels
2025-04-04 18:33:16.690 [main] DEBUG PackageRelationshipCollection.parseRelationshipsPart(309) - Parsing relationship: /xl/worksheets/_rels/sheet1.xml.rels
2025-04-04 18:33:16.694 [main] DEBUG PackageRelationshipCollection.parseRelationshipsPart(309) - Parsing relationship: /_rels/.rels
2025-04-04 18:33:16.755 [main] DEBUG PackageRelationshipCollection.parseRelationshipsPart(309) - Parsing relationship: /xl/_rels/workbook.xml.rels
2025-04-04 18:33:16.759 [main] DEBUG PackageRelationshipCollection.parseRelationshipsPart(309) - Parsing relationship: /xl/worksheets/_rels/sheet1.xml.rels
2025-04-04 18:33:16.762 [main] DEBUG PackageRelationshipCollection.parseRelationshipsPart(309) - Parsing relationship: /_rels/.rels
2025-04-04 18:36:56.818 [main] DEBUG PackageRelationshipCollection.parseRelationshipsPart(309) - Parsing relationship: /xl/_rels/workbook.xml.rels
2025-04-04 18:36:56.841 [main] DEBUG PackageRelationshipCollection.parseRelationshipsPart(309) - Parsing relationship: /xl/worksheets/_rels/sheet1.xml.rels
2025-04-04 18:36:56.845 [main] DEBUG PackageRelationshipCollection.parseRelationshipsPart(309) - Parsing relationship: /_rels/.rels
2025-04-04 18:36:57.824 [main] DEBUG PackageRelationshipCollection.parseRelationshipsPart(309) - Parsing relationship: /xl/_rels/workbook.xml.rels
2025-04-04 18:36:57.824 [main] DEBUG PackageRelationshipCollection.parseRelationshipsPart(309) - Parsing relationship: /xl/worksheets/_rels/sheet1.xml.rels
2025-04-04 18:36:57.824 [main] DEBUG PackageRelationshipCollection.parseRelationshipsPart(309) - Parsing relationship: /_rels/.rels
2025-04-04 18:36:57.887 [main] DEBUG PackageRelationshipCollection.parseRelationshipsPart(309) - Parsing relationship: /xl/_rels/workbook.xml.rels
2025-04-04 18:36:57.894 [main] DEBUG PackageRelationshipCollection.parseRelationshipsPart(309) - Parsing relationship: /xl/worksheets/_rels/sheet1.xml.rels
2025-04-04 18:36:57.894 [main] DEBUG PackageRelationshipCollection.parseRelationshipsPart(309) - Parsing relationship: /_rels/.rels
2025-04-04 18:36:57.984 [main] DEBUG PackageRelationshipCollection.parseRelationshipsPart(309) - Parsing relationship: /xl/_rels/workbook.xml.rels
2025-04-04 18:36:57.984 [main] DEBUG PackageRelationshipCollection.parseRelationshipsPart(309) - Parsing relationship: /xl/worksheets/_rels/sheet1.xml.rels
2025-04-04 18:36:57.991 [main] DEBUG PackageRelationshipCollection.parseRelationshipsPart(309) - Parsing relationship: /_rels/.rels
2025-04-04 18:36:58.064 [main] DEBUG PackageRelationshipCollection.parseRelationshipsPart(309) - Parsing relationship: /xl/_rels/workbook.xml.rels
2025-04-04 18:36:58.070 [main] DEBUG PackageRelationshipCollection.parseRelationshipsPart(309) - Parsing relationship: /xl/worksheets/_rels/sheet1.xml.rels
2025-04-04 18:36:58.072 [main] DEBUG PackageRelationshipCollection.parseRelationshipsPart(309) - Parsing relationship: /_rels/.rels
2025-04-04 18:36:58.149 [main] DEBUG PackageRelationshipCollection.parseRelationshipsPart(309) - Parsing relationship: /xl/_rels/workbook.xml.rels
2025-04-04 18:36:58.153 [main] DEBUG PackageRelationshipCollection.parseRelationshipsPart(309) - Parsing relationship: /xl/worksheets/_rels/sheet1.xml.rels
2025-04-04 18:36:58.156 [main] DEBUG PackageRelationshipCollection.parseRelationshipsPart(309) - Parsing relationship: /_rels/.rels
2025-04-04 18:37:48.194 [main] DEBUG PackageRelationshipCollection.parseRelationshipsPart(309) - Parsing relationship: /xl/_rels/workbook.xml.rels
2025-04-04 18:37:48.228 [main] DEBUG PackageRelationshipCollection.parseRelationshipsPart(309) - Parsing relationship: /xl/worksheets/_rels/sheet1.xml.rels
2025-04-04 18:37:48.236 [main] DEBUG PackageRelationshipCollection.parseRelationshipsPart(309) - Parsing relationship: /_rels/.rels
2025-04-04 18:37:49.478 [main] DEBUG PackageRelationshipCollection.parseRelationshipsPart(309) - Parsing relationship: /xl/_rels/workbook.xml.rels
2025-04-04 18:37:49.482 [main] DEBUG PackageRelationshipCollection.parseRelationshipsPart(309) - Parsing relationship: /xl/worksheets/_rels/sheet1.xml.rels
2025-04-04 18:37:49.485 [main] DEBUG PackageRelationshipCollection.parseRelationshipsPart(309) - Parsing relationship: /_rels/.rels
2025-04-04 18:37:49.558 [main] DEBUG PackageRelationshipCollection.parseRelationshipsPart(309) - Parsing relationship: /xl/_rels/workbook.xml.rels
2025-04-04 18:37:49.562 [main] DEBUG PackageRelationshipCollection.parseRelationshipsPart(309) - Parsing relationship: /xl/worksheets/_rels/sheet1.xml.rels
2025-04-04 18:37:49.565 [main] DEBUG PackageRelationshipCollection.parseRelationshipsPart(309) - Parsing relationship: /_rels/.rels
2025-04-04 18:37:49.641 [main] DEBUG PackageRelationshipCollection.parseRelationshipsPart(309) - Parsing relationship: /xl/_rels/workbook.xml.rels
2025-04-04 18:37:49.644 [main] DEBUG PackageRelationshipCollection.parseRelationshipsPart(309) - Parsing relationship: /xl/worksheets/_rels/sheet1.xml.rels
2025-04-04 18:37:49.646 [main] DEBUG PackageRelationshipCollection.parseRelationshipsPart(309) - Parsing relationship: /_rels/.rels
2025-04-04 18:37:49.699 [main] DEBUG PackageRelationshipCollection.parseRelationshipsPart(309) - Parsing relationship: /xl/_rels/workbook.xml.rels
2025-04-04 18:37:49.702 [main] DEBUG PackageRelationshipCollection.parseRelationshipsPart(309) - Parsing relationship: /xl/worksheets/_rels/sheet1.xml.rels
2025-04-04 18:37:49.704 [main] DEBUG PackageRelationshipCollection.parseRelationshipsPart(309) - Parsing relationship: /_rels/.rels
2025-04-04 18:37:49.755 [main] DEBUG PackageRelationshipCollection.parseRelationshipsPart(309) - Parsing relationship: /xl/_rels/workbook.xml.rels
2025-04-04 18:37:49.758 [main] DEBUG PackageRelationshipCollection.parseRelationshipsPart(309) - Parsing relationship: /xl/worksheets/_rels/sheet1.xml.rels
2025-04-04 18:37:49.760 [main] DEBUG PackageRelationshipCollection.parseRelationshipsPart(309) - Parsing relationship: /_rels/.rels
2025-04-04 19:47:38.418 [main] DEBUG PackageRelationshipCollection.parseRelationshipsPart(309) - Parsing relationship: /xl/_rels/workbook.xml.rels
2025-04-04 19:47:38.435 [main] DEBUG PackageRelationshipCollection.parseRelationshipsPart(309) - Parsing relationship: /xl/worksheets/_rels/sheet1.xml.rels
2025-04-04 19:47:38.437 [main] DEBUG PackageRelationshipCollection.parseRelationshipsPart(309) - Parsing relationship: /_rels/.rels
2025-04-04 19:47:39.088 [main] DEBUG PackageRelationshipCollection.parseRelationshipsPart(309) - Parsing relationship: /xl/_rels/workbook.xml.rels
2025-04-04 19:47:39.091 [main] DEBUG PackageRelationshipCollection.parseRelationshipsPart(309) - Parsing relationship: /xl/worksheets/_rels/sheet1.xml.rels
2025-04-04 19:47:39.094 [main] DEBUG PackageRelationshipCollection.parseRelationshipsPart(309) - Parsing relationship: /_rels/.rels
2025-04-04 19:47:39.152 [main] DEBUG PackageRelationshipCollection.parseRelationshipsPart(309) - Parsing relationship: /xl/_rels/workbook.xml.rels
2025-04-04 19:47:39.155 [main] DEBUG PackageRelationshipCollection.parseRelationshipsPart(309) - Parsing relationship: /xl/worksheets/_rels/sheet1.xml.rels
2025-04-04 19:47:39.158 [main] DEBUG PackageRelationshipCollection.parseRelationshipsPart(309) - Parsing relationship: /_rels/.rels
2025-04-04 19:47:39.244 [main] DEBUG PackageRelationshipCollection.parseRelationshipsPart(309) - Parsing relationship: /xl/_rels/workbook.xml.rels
2025-04-04 19:47:39.247 [main] DEBUG PackageRelationshipCollection.parseRelationshipsPart(309) - Parsing relationship: /xl/worksheets/_rels/sheet1.xml.rels
2025-04-04 19:47:39.250 [main] DEBUG PackageRelationshipCollection.parseRelationshipsPart(309) - Parsing relationship: /_rels/.rels
2025-04-04 19:47:39.297 [main] DEBUG PackageRelationshipCollection.parseRelationshipsPart(309) - Parsing relationship: /xl/_rels/workbook.xml.rels
2025-04-04 19:47:39.304 [main] DEBUG PackageRelationshipCollection.parseRelationshipsPart(309) - Parsing relationship: /xl/worksheets/_rels/sheet1.xml.rels
2025-04-04 19:47:39.307 [main] DEBUG PackageRelationshipCollection.parseRelationshipsPart(309) - Parsing relationship: /_rels/.rels
2025-04-04 19:47:39.347 [main] DEBUG PackageRelationshipCollection.parseRelationshipsPart(309) - Parsing relationship: /xl/_rels/workbook.xml.rels
2025-04-04 19:47:39.350 [main] DEBUG PackageRelationshipCollection.parseRelationshipsPart(309) - Parsing relationship: /xl/worksheets/_rels/sheet1.xml.rels
2025-04-04 19:47:39.352 [main] DEBUG PackageRelationshipCollection.parseRelationshipsPart(309) - Parsing relationship: /_rels/.rels
2025-04-04 19:52:35.709 [main] DEBUG PackageRelationshipCollection.parseRelationshipsPart(309) - Parsing relationship: /xl/_rels/workbook.xml.rels
2025-04-04 19:52:35.737 [main] DEBUG PackageRelationshipCollection.parseRelationshipsPart(309) - Parsing relationship: /xl/worksheets/_rels/sheet1.xml.rels
2025-04-04 19:52:35.741 [main] DEBUG PackageRelationshipCollection.parseRelationshipsPart(309) - Parsing relationship: /_rels/.rels
2025-04-04 19:52:36.830 [main] DEBUG PackageRelationshipCollection.parseRelationshipsPart(309) - Parsing relationship: /xl/_rels/workbook.xml.rels
2025-04-04 19:52:36.837 [main] DEBUG PackageRelationshipCollection.parseRelationshipsPart(309) - Parsing relationship: /xl/worksheets/_rels/sheet1.xml.rels
2025-04-04 19:52:36.842 [main] DEBUG PackageRelationshipCollection.parseRelationshipsPart(309) - Parsing relationship: /_rels/.rels
2025-04-04 19:52:36.931 [main] DEBUG PackageRelationshipCollection.parseRelationshipsPart(309) - Parsing relationship: /xl/_rels/workbook.xml.rels
2025-04-04 19:52:36.935 [main] DEBUG PackageRelationshipCollection.parseRelationshipsPart(309) - Parsing relationship: /xl/worksheets/_rels/sheet1.xml.rels
2025-04-04 19:52:36.939 [main] DEBUG PackageRelationshipCollection.parseRelationshipsPart(309) - Parsing relationship: /_rels/.rels
2025-04-04 19:52:37.031 [main] DEBUG PackageRelationshipCollection.parseRelationshipsPart(309) - Parsing relationship: /xl/_rels/workbook.xml.rels
2025-04-04 19:52:37.035 [main] DEBUG PackageRelationshipCollection.parseRelationshipsPart(309) - Parsing relationship: /xl/worksheets/_rels/sheet1.xml.rels
2025-04-04 19:52:37.039 [main] DEBUG PackageRelationshipCollection.parseRelationshipsPart(309) - Parsing relationship: /_rels/.rels
2025-04-04 19:52:37.103 [main] DEBUG PackageRelationshipCollection.parseRelationshipsPart(309) - Parsing relationship: /xl/_rels/workbook.xml.rels
2025-04-04 19:52:37.106 [main] DEBUG PackageRelationshipCollection.parseRelationshipsPart(309) - Parsing relationship: /xl/worksheets/_rels/sheet1.xml.rels
2025-04-04 19:52:37.109 [main] DEBUG PackageRelationshipCollection.parseRelationshipsPart(309) - Parsing relationship: /_rels/.rels
2025-04-04 19:52:37.165 [main] DEBUG PackageRelationshipCollection.parseRelationshipsPart(309) - Parsing relationship: /xl/_rels/workbook.xml.rels
2025-04-04 19:52:37.168 [main] DEBUG PackageRelationshipCollection.parseRelationshipsPart(309) - Parsing relationship: /xl/worksheets/_rels/sheet1.xml.rels
2025-04-04 19:52:37.171 [main] DEBUG PackageRelationshipCollection.parseRelationshipsPart(309) - Parsing relationship: /_rels/.rels
2025-04-04 20:04:45.993 [main] DEBUG PackageRelationshipCollection.parseRelationshipsPart(309) - Parsing relationship: /xl/_rels/workbook.xml.rels
2025-04-04 20:04:46.005 [main] DEBUG PackageRelationshipCollection.parseRelationshipsPart(309) - Parsing relationship: /xl/worksheets/_rels/sheet1.xml.rels
2025-04-04 20:04:46.007 [main] DEBUG PackageRelationshipCollection.parseRelationshipsPart(309) - Parsing relationship: /_rels/.rels
2025-04-04 20:04:46.537 [main] DEBUG PackageRelationshipCollection.parseRelationshipsPart(309) - Parsing relationship: /xl/_rels/workbook.xml.rels
2025-04-04 20:04:46.539 [main] DEBUG PackageRelationshipCollection.parseRelationshipsPart(309) - Parsing relationship: /xl/worksheets/_rels/sheet1.xml.rels
2025-04-04 20:04:46.540 [main] DEBUG PackageRelationshipCollection.parseRelationshipsPart(309) - Parsing relationship: /_rels/.rels
2025-04-04 20:04:46.576 [main] DEBUG PackageRelationshipCollection.parseRelationshipsPart(309) - Parsing relationship: /xl/_rels/workbook.xml.rels
2025-04-04 20:04:46.578 [main] DEBUG PackageRelationshipCollection.parseRelationshipsPart(309) - Parsing relationship: /xl/worksheets/_rels/sheet1.xml.rels
2025-04-04 20:04:46.580 [main] DEBUG PackageRelationshipCollection.parseRelationshipsPart(309) - Parsing relationship: /_rels/.rels
2025-04-04 20:04:46.623 [main] DEBUG PackageRelationshipCollection.parseRelationshipsPart(309) - Parsing relationship: /xl/_rels/workbook.xml.rels
2025-04-04 20:04:46.625 [main] DEBUG PackageRelationshipCollection.parseRelationshipsPart(309) - Parsing relationship: /xl/worksheets/_rels/sheet1.xml.rels
2025-04-04 20:04:46.627 [main] DEBUG PackageRelationshipCollection.parseRelationshipsPart(309) - Parsing relationship: /_rels/.rels
2025-04-04 20:04:46.662 [main] DEBUG PackageRelationshipCollection.parseRelationshipsPart(309) - Parsing relationship: /xl/_rels/workbook.xml.rels
2025-04-04 20:04:46.664 [main] DEBUG PackageRelationshipCollection.parseRelationshipsPart(309) - Parsing relationship: /xl/worksheets/_rels/sheet1.xml.rels
2025-04-04 20:04:46.666 [main] DEBUG PackageRelationshipCollection.parseRelationshipsPart(309) - Parsing relationship: /_rels/.rels
2025-04-04 20:04:46.699 [main] DEBUG PackageRelationshipCollection.parseRelationshipsPart(309) - Parsing relationship: /xl/_rels/workbook.xml.rels
2025-04-04 20:04:46.701 [main] DEBUG PackageRelationshipCollection.parseRelationshipsPart(309) - Parsing relationship: /xl/worksheets/_rels/sheet1.xml.rels
2025-04-04 20:04:46.702 [main] DEBUG PackageRelationshipCollection.parseRelationshipsPart(309) - Parsing relationship: /_rels/.rels
2025-04-04 20:10:36.145 [main] DEBUG PackageRelationshipCollection.parseRelationshipsPart(309) - Parsing relationship: /xl/_rels/workbook.xml.rels
2025-04-04 20:10:36.166 [main] DEBUG PackageRelationshipCollection.parseRelationshipsPart(309) - Parsing relationship: /xl/worksheets/_rels/sheet1.xml.rels
2025-04-04 20:10:36.170 [main] DEBUG PackageRelationshipCollection.parseRelationshipsPart(309) - Parsing relationship: /_rels/.rels
2025-04-04 20:10:37.250 [main] DEBUG PackageRelationshipCollection.parseRelationshipsPart(309) - Parsing relationship: /xl/_rels/workbook.xml.rels
2025-04-04 20:10:37.253 [main] DEBUG PackageRelationshipCollection.parseRelationshipsPart(309) - Parsing relationship: /xl/worksheets/_rels/sheet1.xml.rels
2025-04-04 20:10:37.257 [main] DEBUG PackageRelationshipCollection.parseRelationshipsPart(309) - Parsing relationship: /_rels/.rels
2025-04-04 20:10:37.315 [main] DEBUG PackageRelationshipCollection.parseRelationshipsPart(309) - Parsing relationship: /xl/_rels/workbook.xml.rels
2025-04-04 20:10:37.318 [main] DEBUG PackageRelationshipCollection.parseRelationshipsPart(309) - Parsing relationship: /xl/worksheets/_rels/sheet1.xml.rels
2025-04-04 20:10:37.321 [main] DEBUG PackageRelationshipCollection.parseRelationshipsPart(309) - Parsing relationship: /_rels/.rels
2025-04-04 20:10:37.394 [main] DEBUG PackageRelationshipCollection.parseRelationshipsPart(309) - Parsing relationship: /xl/_rels/workbook.xml.rels
2025-04-04 20:10:37.398 [main] DEBUG PackageRelationshipCollection.parseRelationshipsPart(309) - Parsing relationship: /xl/worksheets/_rels/sheet1.xml.rels
2025-04-04 20:10:37.401 [main] DEBUG PackageRelationshipCollection.parseRelationshipsPart(309) - Parsing relationship: /_rels/.rels
2025-04-04 20:10:37.458 [main] DEBUG PackageRelationshipCollection.parseRelationshipsPart(309) - Parsing relationship: /xl/_rels/workbook.xml.rels
2025-04-04 20:10:37.461 [main] DEBUG PackageRelationshipCollection.parseRelationshipsPart(309) - Parsing relationship: /xl/worksheets/_rels/sheet1.xml.rels
2025-04-04 20:10:37.464 [main] DEBUG PackageRelationshipCollection.parseRelationshipsPart(309) - Parsing relationship: /_rels/.rels
2025-04-04 20:10:37.586 [main] DEBUG PackageRelationshipCollection.parseRelationshipsPart(309) - Parsing relationship: /xl/_rels/workbook.xml.rels
2025-04-04 20:10:37.590 [main] DEBUG PackageRelationshipCollection.parseRelationshipsPart(309) - Parsing relationship: /xl/worksheets/_rels/sheet1.xml.rels
2025-04-04 20:10:37.593 [main] DEBUG PackageRelationshipCollection.parseRelationshipsPart(309) - Parsing relationship: /_rels/.rels
2025-04-04 20:12:51.757 [main] DEBUG PackageRelationshipCollection.parseRelationshipsPart(309) - Parsing relationship: /xl/_rels/workbook.xml.rels
2025-04-04 20:12:51.785 [main] DEBUG PackageRelationshipCollection.parseRelationshipsPart(309) - Parsing relationship: /xl/worksheets/_rels/sheet1.xml.rels
2025-04-04 20:12:51.789 [main] DEBUG PackageRelationshipCollection.parseRelationshipsPart(309) - Parsing relationship: /_rels/.rels
2025-04-04 20:12:52.799 [main] DEBUG PackageRelationshipCollection.parseRelationshipsPart(309) - Parsing relationship: /xl/_rels/workbook.xml.rels
2025-04-04 20:12:52.801 [main] DEBUG PackageRelationshipCollection.parseRelationshipsPart(309) - Parsing relationship: /xl/worksheets/_rels/sheet1.xml.rels
2025-04-04 20:12:52.804 [main] DEBUG PackageRelationshipCollection.parseRelationshipsPart(309) - Parsing relationship: /_rels/.rels
2025-04-04 20:12:52.863 [main] DEBUG PackageRelationshipCollection.parseRelationshipsPart(309) - Parsing relationship: /xl/_rels/workbook.xml.rels
2025-04-04 20:12:52.866 [main] DEBUG PackageRelationshipCollection.parseRelationshipsPart(309) - Parsing relationship: /xl/worksheets/_rels/sheet1.xml.rels
2025-04-04 20:12:52.869 [main] DEBUG PackageRelationshipCollection.parseRelationshipsPart(309) - Parsing relationship: /_rels/.rels
2025-04-04 20:12:52.947 [main] DEBUG PackageRelationshipCollection.parseRelationshipsPart(309) - Parsing relationship: /xl/_rels/workbook.xml.rels
2025-04-04 20:12:52.951 [main] DEBUG PackageRelationshipCollection.parseRelationshipsPart(309) - Parsing relationship: /xl/worksheets/_rels/sheet1.xml.rels
2025-04-04 20:12:52.954 [main] DEBUG PackageRelationshipCollection.parseRelationshipsPart(309) - Parsing relationship: /_rels/.rels
2025-04-04 20:12:53.010 [main] DEBUG PackageRelationshipCollection.parseRelationshipsPart(309) - Parsing relationship: /xl/_rels/workbook.xml.rels
2025-04-04 20:12:53.014 [main] DEBUG PackageRelationshipCollection.parseRelationshipsPart(309) - Parsing relationship: /xl/worksheets/_rels/sheet1.xml.rels
2025-04-04 20:12:53.016 [main] DEBUG PackageRelationshipCollection.parseRelationshipsPart(309) - Parsing relationship: /_rels/.rels
2025-04-04 20:12:53.067 [main] DEBUG PackageRelationshipCollection.parseRelationshipsPart(309) - Parsing relationship: /xl/_rels/workbook.xml.rels
2025-04-04 20:12:53.070 [main] DEBUG PackageRelationshipCollection.parseRelationshipsPart(309) - Parsing relationship: /xl/worksheets/_rels/sheet1.xml.rels
2025-04-04 20:12:53.073 [main] DEBUG PackageRelationshipCollection.parseRelationshipsPart(309) - Parsing relationship: /_rels/.rels
2025-04-05 10:08:53.285 [main] DEBUG TC001_AccountRegistrationTest.verify_acc_req(20) - started
2025-04-05 10:08:54.830 [main] DEBUG TC001_AccountRegistrationTest.verify_acc_req(26) - ***Clicked on login***
2025-04-05 10:08:57.520 [main] DEBUG TC001_AccountRegistrationTest.verify_acc_req(42) - ***validating message***
2025-04-05 10:08:57.575 [main] DEBUG TC001_AccountRegistrationTest.verify_acc_req(60) - finisheddddd
2025-04-05 10:09:06.016 [main] INFO  TC002_LoginTest.verify_login(16) - **started**
2025-04-05 10:09:10.325 [main] INFO  TC002_LoginTest.verify_login(38) - **finished**
2025-04-07 12:20:54.718 [main] DEBUG TC001_AccountRegistrationTest.verify_acc_req(20) - started
2025-04-07 12:20:56.161 [main] DEBUG TC001_AccountRegistrationTest.verify_acc_req(26) - ***Clicked on login***
2025-04-07 12:20:58.820 [main] DEBUG TC001_AccountRegistrationTest.verify_acc_req(42) - ***validating message***
2025-04-07 12:20:58.886 [main] DEBUG TC001_AccountRegistrationTest.verify_acc_req(60) - finisheddddd
2025-04-07 12:21:08.035 [main] INFO  TC002_LoginTest.verify_login(16) - **started**
2025-04-07 12:21:11.506 [main] INFO  TC002_LoginTest.verify_login(38) - **finished**
2025-04-07 12:22:26.571 [main] DEBUG TC001_AccountRegistrationTest.verify_acc_req(20) - started
2025-04-07 12:22:28.139 [main] DEBUG TC001_AccountRegistrationTest.verify_acc_req(26) - ***Clicked on login***
2025-04-07 12:22:31.124 [main] DEBUG TC001_AccountRegistrationTest.verify_acc_req(42) - ***validating message***
2025-04-07 12:22:31.166 [main] DEBUG TC001_AccountRegistrationTest.verify_acc_req(60) - finisheddddd
2025-04-07 12:22:42.965 [main] INFO  TC002_LoginTest.verify_login(16) - **started**
2025-04-07 12:29:31.425 [main] DEBUG PackageRelationshipCollection.parseRelationshipsPart(309) - Parsing relationship: /xl/_rels/workbook.xml.rels
2025-04-07 12:29:31.443 [main] DEBUG PackageRelationshipCollection.parseRelationshipsPart(309) - Parsing relationship: /xl/worksheets/_rels/sheet1.xml.rels
2025-04-07 12:29:31.446 [main] DEBUG PackageRelationshipCollection.parseRelationshipsPart(309) - Parsing relationship: /_rels/.rels
2025-04-07 12:29:32.575 [main] DEBUG PackageRelationshipCollection.parseRelationshipsPart(309) - Parsing relationship: /xl/_rels/workbook.xml.rels
2025-04-07 12:29:32.579 [main] DEBUG PackageRelationshipCollection.parseRelationshipsPart(309) - Parsing relationship: /xl/worksheets/_rels/sheet1.xml.rels
2025-04-07 12:29:32.583 [main] DEBUG PackageRelationshipCollection.parseRelationshipsPart(309) - Parsing relationship: /_rels/.rels
2025-04-07 12:29:32.654 [main] DEBUG PackageRelationshipCollection.parseRelationshipsPart(309) - Parsing relationship: /xl/_rels/workbook.xml.rels
2025-04-07 12:29:32.658 [main] DEBUG PackageRelationshipCollection.parseRelationshipsPart(309) - Parsing relationship: /xl/worksheets/_rels/sheet1.xml.rels
2025-04-07 12:29:32.661 [main] DEBUG PackageRelationshipCollection.parseRelationshipsPart(309) - Parsing relationship: /_rels/.rels
2025-04-07 12:29:32.740 [main] DEBUG PackageRelationshipCollection.parseRelationshipsPart(309) - Parsing relationship: /xl/_rels/workbook.xml.rels
2025-04-07 12:29:32.746 [main] DEBUG PackageRelationshipCollection.parseRelationshipsPart(309) - Parsing relationship: /xl/worksheets/_rels/sheet1.xml.rels
2025-04-07 12:29:32.750 [main] DEBUG PackageRelationshipCollection.parseRelationshipsPart(309) - Parsing relationship: /_rels/.rels
2025-04-07 12:29:32.825 [main] DEBUG PackageRelationshipCollection.parseRelationshipsPart(309) - Parsing relationship: /xl/_rels/workbook.xml.rels
2025-04-07 12:29:32.830 [main] DEBUG PackageRelationshipCollection.parseRelationshipsPart(309) - Parsing relationship: /xl/worksheets/_rels/sheet1.xml.rels
2025-04-07 12:29:32.835 [main] DEBUG PackageRelationshipCollection.parseRelationshipsPart(309) - Parsing relationship: /_rels/.rels
2025-04-07 12:29:32.909 [main] DEBUG PackageRelationshipCollection.parseRelationshipsPart(309) - Parsing relationship: /xl/_rels/workbook.xml.rels
2025-04-07 12:29:32.914 [main] DEBUG PackageRelationshipCollection.parseRelationshipsPart(309) - Parsing relationship: /xl/worksheets/_rels/sheet1.xml.rels
2025-04-07 12:29:32.916 [main] DEBUG PackageRelationshipCollection.parseRelationshipsPart(309) - Parsing relationship: /_rels/.rels
2025-04-07 12:31:57.659 [main] DEBUG PackageRelationshipCollection.parseRelationshipsPart(309) - Parsing relationship: /xl/_rels/workbook.xml.rels
2025-04-07 12:31:57.687 [main] DEBUG PackageRelationshipCollection.parseRelationshipsPart(309) - Parsing relationship: /xl/worksheets/_rels/sheet1.xml.rels
2025-04-07 12:31:57.690 [main] DEBUG PackageRelationshipCollection.parseRelationshipsPart(309) - Parsing relationship: /_rels/.rels
2025-04-07 12:31:58.778 [main] DEBUG PackageRelationshipCollection.parseRelationshipsPart(309) - Parsing relationship: /xl/_rels/workbook.xml.rels
2025-04-07 12:31:58.781 [main] DEBUG PackageRelationshipCollection.parseRelationshipsPart(309) - Parsing relationship: /xl/worksheets/_rels/sheet1.xml.rels
2025-04-07 12:31:58.784 [main] DEBUG PackageRelationshipCollection.parseRelationshipsPart(309) - Parsing relationship: /_rels/.rels
2025-04-07 12:31:58.846 [main] DEBUG PackageRelationshipCollection.parseRelationshipsPart(309) - Parsing relationship: /xl/_rels/workbook.xml.rels
2025-04-07 12:31:58.849 [main] DEBUG PackageRelationshipCollection.parseRelationshipsPart(309) - Parsing relationship: /xl/worksheets/_rels/sheet1.xml.rels
2025-04-07 12:31:58.853 [main] DEBUG PackageRelationshipCollection.parseRelationshipsPart(309) - Parsing relationship: /_rels/.rels
2025-04-07 12:31:58.934 [main] DEBUG PackageRelationshipCollection.parseRelationshipsPart(309) - Parsing relationship: /xl/_rels/workbook.xml.rels
2025-04-07 12:31:58.937 [main] DEBUG PackageRelationshipCollection.parseRelationshipsPart(309) - Parsing relationship: /xl/worksheets/_rels/sheet1.xml.rels
2025-04-07 12:31:58.939 [main] DEBUG PackageRelationshipCollection.parseRelationshipsPart(309) - Parsing relationship: /_rels/.rels
2025-04-07 12:31:58.989 [main] DEBUG PackageRelationshipCollection.parseRelationshipsPart(309) - Parsing relationship: /xl/_rels/workbook.xml.rels
2025-04-07 12:31:58.993 [main] DEBUG PackageRelationshipCollection.parseRelationshipsPart(309) - Parsing relationship: /xl/worksheets/_rels/sheet1.xml.rels
2025-04-07 12:31:58.997 [main] DEBUG PackageRelationshipCollection.parseRelationshipsPart(309) - Parsing relationship: /_rels/.rels
2025-04-07 12:31:59.051 [main] DEBUG PackageRelationshipCollection.parseRelationshipsPart(309) - Parsing relationship: /xl/_rels/workbook.xml.rels
2025-04-07 12:31:59.054 [main] DEBUG PackageRelationshipCollection.parseRelationshipsPart(309) - Parsing relationship: /xl/worksheets/_rels/sheet1.xml.rels
2025-04-07 12:31:59.055 [main] DEBUG PackageRelationshipCollection.parseRelationshipsPart(309) - Parsing relationship: /_rels/.rels
2025-04-07 15:49:00.280 [main] DEBUG PackageRelationshipCollection.parseRelationshipsPart(309) - Parsing relationship: /xl/_rels/workbook.xml.rels
2025-04-07 15:49:00.298 [main] DEBUG PackageRelationshipCollection.parseRelationshipsPart(309) - Parsing relationship: /xl/worksheets/_rels/sheet1.xml.rels
2025-04-07 15:49:00.300 [main] DEBUG PackageRelationshipCollection.parseRelationshipsPart(309) - Parsing relationship: /_rels/.rels
2025-04-07 15:49:01.093 [main] DEBUG PackageRelationshipCollection.parseRelationshipsPart(309) - Parsing relationship: /xl/_rels/workbook.xml.rels
2025-04-07 15:49:01.095 [main] DEBUG PackageRelationshipCollection.parseRelationshipsPart(309) - Parsing relationship: /xl/worksheets/_rels/sheet1.xml.rels
2025-04-07 15:49:01.098 [main] DEBUG PackageRelationshipCollection.parseRelationshipsPart(309) - Parsing relationship: /_rels/.rels
2025-04-07 15:49:01.141 [main] DEBUG PackageRelationshipCollection.parseRelationshipsPart(309) - Parsing relationship: /xl/_rels/workbook.xml.rels
2025-04-07 15:49:01.145 [main] DEBUG PackageRelationshipCollection.parseRelationshipsPart(309) - Parsing relationship: /xl/worksheets/_rels/sheet1.xml.rels
2025-04-07 15:49:01.148 [main] DEBUG PackageRelationshipCollection.parseRelationshipsPart(309) - Parsing relationship: /_rels/.rels
2025-04-07 15:49:01.201 [main] DEBUG PackageRelationshipCollection.parseRelationshipsPart(309) - Parsing relationship: /xl/_rels/workbook.xml.rels
2025-04-07 15:49:01.206 [main] DEBUG PackageRelationshipCollection.parseRelationshipsPart(309) - Parsing relationship: /xl/worksheets/_rels/sheet1.xml.rels
2025-04-07 15:49:01.210 [main] DEBUG PackageRelationshipCollection.parseRelationshipsPart(309) - Parsing relationship: /_rels/.rels
2025-04-07 15:49:01.251 [main] DEBUG PackageRelationshipCollection.parseRelationshipsPart(309) - Parsing relationship: /xl/_rels/workbook.xml.rels
2025-04-07 15:49:01.252 [main] DEBUG PackageRelationshipCollection.parseRelationshipsPart(309) - Parsing relationship: /xl/worksheets/_rels/sheet1.xml.rels
2025-04-07 15:49:01.254 [main] DEBUG PackageRelationshipCollection.parseRelationshipsPart(309) - Parsing relationship: /_rels/.rels
2025-04-07 15:49:01.292 [main] DEBUG PackageRelationshipCollection.parseRelationshipsPart(309) - Parsing relationship: /xl/_rels/workbook.xml.rels
2025-04-07 15:49:01.294 [main] DEBUG PackageRelationshipCollection.parseRelationshipsPart(309) - Parsing relationship: /xl/worksheets/_rels/sheet1.xml.rels
2025-04-07 15:49:01.296 [main] DEBUG PackageRelationshipCollection.parseRelationshipsPart(309) - Parsing relationship: /_rels/.rels
2025-04-07 15:49:50.023 [main] DEBUG TC001_AccountRegistrationTest.verify_acc_req(20) - started
2025-04-07 15:49:51.566 [main] DEBUG TC001_AccountRegistrationTest.verify_acc_req(26) - ***Clicked on login***
2025-04-07 15:49:53.531 [main] DEBUG TC001_AccountRegistrationTest.verify_acc_req(42) - ***validating message***
2025-04-07 15:49:53.587 [main] DEBUG TC001_AccountRegistrationTest.verify_acc_req(60) - finisheddddd
2025-04-07 15:49:59.759 [main] INFO  TC002_LoginTest.verify_login(16) - **started**
2025-04-07 15:50:02.043 [main] INFO  TC002_LoginTest.verify_login(38) - **finished**
2025-04-07 15:51:55.763 [main] DEBUG TC001_AccountRegistrationTest.verify_acc_req(20) - started
2025-04-07 15:51:56.798 [main] DEBUG TC001_AccountRegistrationTest.verify_acc_req(26) - ***Clicked on login***
2025-04-07 15:51:58.939 [main] DEBUG TC001_AccountRegistrationTest.verify_acc_req(42) - ***validating message***
2025-04-07 15:51:59.011 [main] DEBUG TC001_AccountRegistrationTest.verify_acc_req(60) - finisheddddd
2025-04-07 15:52:02.991 [main] INFO  TC002_LoginTest.verify_login(16) - **started**
2025-04-07 15:52:05.331 [main] INFO  TC002_LoginTest.verify_login(38) - **finished**
2025-04-08 07:31:06.037 [main] DEBUG TC001_AccountRegistrationTest.verify_acc_req(20) - started
2025-04-08 07:31:08.039 [main] DEBUG TC001_AccountRegistrationTest.verify_acc_req(26) - ***Clicked on login***
2025-04-08 07:31:11.479 [main] DEBUG TC001_AccountRegistrationTest.verify_acc_req(42) - ***validating message***
2025-04-08 07:31:11.562 [main] DEBUG TC001_AccountRegistrationTest.verify_acc_req(60) - finisheddddd
2025-04-08 07:31:14.397 [main] INFO  TC002_LoginTest.verify_login(16) - **started**
2025-04-08 07:31:16.493 [main] INFO  TC002_LoginTest.verify_login(38) - **finished**
2025-04-08 07:32:04.865 [main] DEBUG TC001_AccountRegistrationTest.verify_acc_req(20) - started
2025-04-08 07:32:06.696 [main] DEBUG TC001_AccountRegistrationTest.verify_acc_req(26) - ***Clicked on login***
2025-04-08 07:32:09.344 [main] DEBUG TC001_AccountRegistrationTest.verify_acc_req(42) - ***validating message***
2025-04-08 07:32:09.434 [main] DEBUG TC001_AccountRegistrationTest.verify_acc_req(60) - finisheddddd
2025-04-08 07:32:11.653 [main] INFO  TC002_LoginTest.verify_login(16) - **started**
2025-04-08 07:32:14.172 [main] INFO  TC002_LoginTest.verify_login(38) - **finished**
2025-04-08 07:32:24.393 [main] DEBUG TC001_AccountRegistrationTest.verify_acc_req(20) - started
2025-04-08 07:32:25.750 [main] DEBUG TC001_AccountRegistrationTest.verify_acc_req(26) - ***Clicked on login***
2025-04-08 07:32:27.537 [main] DEBUG TC001_AccountRegistrationTest.verify_acc_req(42) - ***validating message***
2025-04-08 07:32:27.589 [main] DEBUG TC001_AccountRegistrationTest.verify_acc_req(60) - finisheddddd
2025-04-08 07:32:36.480 [main] INFO  TC002_LoginTest.verify_login(16) - **started**
2025-04-08 07:32:38.741 [main] INFO  TC002_LoginTest.verify_login(38) - **finished**
2025-04-08 07:41:54.903 [main] DEBUG TC001_AccountRegistrationTest.verify_acc_req(20) - started
2025-04-08 07:41:56.104 [main] DEBUG TC001_AccountRegistrationTest.verify_acc_req(26) - ***Clicked on login***
2025-04-08 07:41:59.256 [main] DEBUG TC001_AccountRegistrationTest.verify_acc_req(42) - ***validating message***
2025-04-08 07:41:59.327 [main] DEBUG TC001_AccountRegistrationTest.verify_acc_req(60) - finisheddddd
2025-04-08 07:42:01.723 [main] INFO  TC002_LoginTest.verify_login(16) - **started**
2025-04-08 07:42:04.109 [main] INFO  TC002_LoginTest.verify_login(38) - **finished**
2025-04-08 07:42:14.111 [main] DEBUG TC001_AccountRegistrationTest.verify_acc_req(20) - started
2025-04-08 07:42:15.245 [main] DEBUG TC001_AccountRegistrationTest.verify_acc_req(26) - ***Clicked on login***
2025-04-08 07:42:16.860 [main] DEBUG TC001_AccountRegistrationTest.verify_acc_req(42) - ***validating message***
2025-04-08 07:42:16.914 [main] DEBUG TC001_AccountRegistrationTest.verify_acc_req(60) - finisheddddd
2025-04-08 07:42:24.528 [main] INFO  TC002_LoginTest.verify_login(16) - **started**
2025-04-08 07:42:26.428 [main] INFO  TC002_LoginTest.verify_login(38) - **finished**
2025-04-08 11:07:54.666 [main] DEBUG PackageRelationshipCollection.parseRelationshipsPart(309) - Parsing relationship: /xl/_rels/workbook.xml.rels
2025-04-08 11:07:54.697 [main] DEBUG PackageRelationshipCollection.parseRelationshipsPart(309) - Parsing relationship: /xl/worksheets/_rels/sheet1.xml.rels
2025-04-08 11:07:54.700 [main] DEBUG PackageRelationshipCollection.parseRelationshipsPart(309) - Parsing relationship: /_rels/.rels
2025-04-08 11:07:55.977 [main] DEBUG PackageRelationshipCollection.parseRelationshipsPart(309) - Parsing relationship: /xl/_rels/workbook.xml.rels
2025-04-08 11:07:55.980 [main] DEBUG PackageRelationshipCollection.parseRelationshipsPart(309) - Parsing relationship: /xl/worksheets/_rels/sheet1.xml.rels
2025-04-08 11:07:55.982 [main] DEBUG PackageRelationshipCollection.parseRelationshipsPart(309) - Parsing relationship: /_rels/.rels
2025-04-08 11:07:56.031 [main] DEBUG PackageRelationshipCollection.parseRelationshipsPart(309) - Parsing relationship: /xl/_rels/workbook.xml.rels
2025-04-08 11:07:56.033 [main] DEBUG PackageRelationshipCollection.parseRelationshipsPart(309) - Parsing relationship: /xl/worksheets/_rels/sheet1.xml.rels
2025-04-08 11:07:56.035 [main] DEBUG PackageRelationshipCollection.parseRelationshipsPart(309) - Parsing relationship: /_rels/.rels
2025-04-08 11:07:56.108 [main] DEBUG PackageRelationshipCollection.parseRelationshipsPart(309) - Parsing relationship: /xl/_rels/workbook.xml.rels
2025-04-08 11:07:56.111 [main] DEBUG PackageRelationshipCollection.parseRelationshipsPart(309) - Parsing relationship: /xl/worksheets/_rels/sheet1.xml.rels
2025-04-08 11:07:56.114 [main] DEBUG PackageRelationshipCollection.parseRelationshipsPart(309) - Parsing relationship: /_rels/.rels
2025-04-08 11:07:56.152 [main] DEBUG PackageRelationshipCollection.parseRelationshipsPart(309) - Parsing relationship: /xl/_rels/workbook.xml.rels
2025-04-08 11:07:56.155 [main] DEBUG PackageRelationshipCollection.parseRelationshipsPart(309) - Parsing relationship: /xl/worksheets/_rels/sheet1.xml.rels
2025-04-08 11:07:56.157 [main] DEBUG PackageRelationshipCollection.parseRelationshipsPart(309) - Parsing relationship: /_rels/.rels
2025-04-08 11:07:56.193 [main] DEBUG PackageRelationshipCollection.parseRelationshipsPart(309) - Parsing relationship: /xl/_rels/workbook.xml.rels
2025-04-08 11:07:56.196 [main] DEBUG PackageRelationshipCollection.parseRelationshipsPart(309) - Parsing relationship: /xl/worksheets/_rels/sheet1.xml.rels
2025-04-08 11:07:56.198 [main] DEBUG PackageRelationshipCollection.parseRelationshipsPart(309) - Parsing relationship: /_rels/.rels
